2026-03-31 19:07:43,619 | INFO | Setup complete.
2026-03-31 19:07:43,664 | INFO | Loaded table 'ratings' from ratings.csv
2026-03-31 19:07:43,686 | INFO | Loaded table 'movies' from movies.csv
2026-03-31 19:07:43,694 | INFO | Loaded table 'users' from users.csv
2026-03-31 19:07:43,696 | INFO | Loaded table 'genres' from genres.csv
2026-03-31 19:07:43,696 | INFO | All 4 tables loaded into DuckDB.
2026-03-31 19:07:43,719 | INFO | Query 1 (top movies) complete.
2026-03-31 19:07:43,749 | INFO | Query 2 (genre counts) complete.
2026-03-31 19:07:43,760 | INFO | Query 3 (user activity) complete.
2026-03-31 19:07:43,770 | INFO | Loaded: ratings=(100000, 4), movies=(1682, 21), users=(943, 5)
2026-03-31 19:07:43,778 | INFO | Helper functions defined.
2026-03-31 19:07:43,785 | INFO | Building user-item matrix...
2026-03-31 19:07:43,847 | INFO | Simulating 25 cycles for 50 users...
2026-03-31 19:07:43,848 | INFO |   User 1...
2026-03-31 19:07:49,767 | INFO |   User 2...
2026-03-31 19:07:55,587 | INFO |   User 3...
2026-03-31 19:08:01,737 | INFO |   User 4...
2026-03-31 19:08:08,361 | INFO |   User 5...
2026-03-31 19:08:14,464 | INFO |   User 6...
2026-03-31 19:08:20,760 | INFO |   User 7...
2026-03-31 19:08:26,987 | INFO |   User 8...
2026-03-31 19:08:32,749 | INFO |   User 9...
2026-03-31 19:08:39,031 | INFO |   User 10...
2026-03-31 19:08:44,910 | INFO |   User 11...
2026-03-31 19:08:50,922 | INFO |   User 12...
2026-03-31 19:08:56,985 | INFO |   User 13...
2026-03-31 19:09:03,121 | INFO |   User 14...
2026-03-31 19:09:09,670 | INFO |   User 15...
2026-03-31 19:09:16,353 | INFO |   User 16...
2026-03-31 19:09:23,199 | INFO |   User 17...
2026-03-31 19:09:29,973 | INFO |   User 18...
2026-03-31 19:09:36,032 | INFO |   User 19...
2026-03-31 19:09:42,032 | INFO |   User 20...
2026-03-31 19:09:48,039 | INFO |   User 21...
2026-03-31 19:09:53,661 | INFO |   User 22...
2026-03-31 19:10:00,230 | INFO | Loaded table 'ratings' from ratings.csv
2026-03-31 19:10:00,253 | INFO | Loaded table 'movies' from movies.csv
2026-03-31 19:10:00,262 | INFO | Loaded table 'users' from users.csv
2026-03-31 19:10:00,264 | INFO | Loaded table 'genres' from genres.csv
2026-03-31 19:10:00,264 | INFO | All 4 tables loaded into DuckDB.
2026-03-31 19:10:00,337 | INFO | Loaded 1M table 'ratings_1m'
2026-03-31 19:10:00,360 | INFO | Loaded 1M table 'movies_1m'
2026-03-31 19:10:00,373 | INFO | Loaded 1M table 'users_1m'
2026-03-31 19:10:00,374 | INFO | All 7 tables loaded into DuckDB.
2026-03-31 19:11:32,122 | INFO | Query 4 (cross-dataset comparison) complete.
2026-03-31 19:12:01,232 | INFO | Setup complete.
2026-03-31 19:12:01,314 | INFO | Loaded table 'ratings' from ratings.csv
2026-03-31 19:12:01,337 | INFO | Loaded table 'movies' from movies.csv
2026-03-31 19:12:01,345 | INFO | Loaded table 'users' from users.csv
2026-03-31 19:12:01,347 | INFO | Loaded table 'genres' from genres.csv
2026-03-31 19:12:01,347 | INFO | All 4 tables loaded into DuckDB.
2026-03-31 19:12:01,445 | INFO | Loaded 1M table 'ratings_1m'
2026-03-31 19:12:01,469 | INFO | Loaded 1M table 'movies_1m'
2026-03-31 19:12:01,483 | INFO | Loaded 1M table 'users_1m'
2026-03-31 19:12:01,484 | INFO | All 7 tables loaded into DuckDB.
2026-03-31 19:12:01,495 | INFO | Query 1 (top movies) complete.
2026-03-31 19:12:01,506 | INFO | Query 2 (genre counts) complete.
2026-03-31 19:12:01,515 | INFO | Query 3 (user activity) complete.
2026-03-31 19:12:01,546 | INFO | Query 4 (cross-dataset comparison) complete.
2026-03-31 19:12:01,579 | INFO | Loaded: ratings=(100000, 4), movies=(1682, 21), users=(943, 5)
2026-03-31 19:12:01,590 | INFO | Helper functions defined.
2026-03-31 19:12:01,599 | INFO | Building user-item matrix...
2026-03-31 19:12:01,642 | INFO | Simulating 25 cycles for 50 users...
2026-03-31 19:12:01,643 | INFO |   User 1...
2026-03-31 19:12:07,563 | INFO |   User 2...
2026-03-31 19:12:13,527 | INFO |   User 3...
2026-03-31 19:12:19,227 | INFO |   User 4...
2026-03-31 19:12:25,078 | INFO |   User 5...
2026-03-31 19:12:30,794 | INFO |   User 6...
2026-03-31 19:12:37,110 | INFO |   User 7...
2026-03-31 19:12:43,469 | INFO |   User 8...
2026-03-31 19:12:49,492 | INFO |   User 9...
2026-03-31 19:12:55,557 | INFO |   User 10...
2026-03-31 19:13:01,459 | INFO |   User 11...
2026-03-31 19:13:07,276 | INFO |   User 12...
2026-03-31 19:13:13,253 | INFO |   User 13...
2026-03-31 19:13:19,215 | INFO |   User 14...
2026-03-31 19:13:25,212 | INFO |   User 15...
2026-03-31 19:13:31,204 | INFO |   User 16...
2026-03-31 19:13:37,044 | INFO |   User 17...
2026-03-31 19:13:42,981 | INFO |   User 18...
2026-03-31 19:13:48,951 | INFO |   User 19...
2026-03-31 19:13:54,743 | INFO |   User 20...
2026-03-31 19:14:00,842 | INFO |   User 21...
2026-03-31 19:14:06,778 | INFO |   User 22...
2026-03-31 19:14:12,707 | INFO |   User 23...
2026-03-31 19:14:18,626 | INFO |   User 24...
2026-03-31 19:14:24,680 | INFO |   User 25...
2026-03-31 19:14:30,625 | INFO |   User 26...
2026-03-31 19:14:36,690 | INFO |   User 27...
2026-03-31 19:14:42,646 | INFO |   User 28...
2026-03-31 19:14:48,484 | INFO |   User 29...
2026-03-31 19:14:54,361 | INFO |   User 30...
2026-03-31 19:15:00,054 | INFO |   User 31...
2026-03-31 19:15:05,135 | INFO |   User 32...
2026-03-31 19:15:10,109 | INFO |   User 33...
2026-03-31 19:15:15,161 | INFO |   User 34...
2026-03-31 19:15:20,065 | INFO |   User 35...
2026-03-31 19:15:25,006 | INFO |   User 36...
2026-03-31 19:15:30,013 | INFO |   User 37...
2026-03-31 19:15:34,894 | INFO |   User 38...
2026-03-31 19:15:39,844 | INFO |   User 39...
2026-03-31 19:15:44,780 | INFO |   User 40...
2026-03-31 19:15:49,659 | INFO |   User 41...
2026-03-31 19:15:54,666 | INFO |   User 42...
2026-03-31 19:15:59,757 | INFO |   User 43...
2026-03-31 19:16:04,784 | INFO |   User 44...
2026-03-31 19:16:09,693 | INFO |   User 45...
2026-03-31 19:16:14,606 | INFO |   User 46...
2026-03-31 19:16:19,539 | INFO |   User 47...
2026-03-31 19:16:24,834 | INFO |   User 48...
2026-03-31 19:16:29,768 | INFO |   User 49...
2026-03-31 19:16:34,784 | INFO |   User 50...
2026-03-31 19:16:39,740 | INFO | Simulation complete.
2026-03-31 19:16:39,753 | INFO | Median CF ILD threshold: 0.752
2026-03-31 19:16:39,803 | INFO | Random Forest accuracy: 0.500
2026-03-31 19:16:40,070 | INFO | Both charts saved.
2026-03-31 19:16:40,079 | INFO | Pipeline finished.
2026-03-31 19:18:01,279 | INFO | Median CF ILD threshold: 0.752
2026-03-31 19:18:01,335 | INFO | Random Forest accuracy: 0.500
2026-03-31 19:18:06,556 | INFO | Both charts saved.
